<?xml version="1.0" encoding="UTF-8"?>
<!-- Generated by org.testng.reporters.JUnitReportReporter -->
<testsuite hostname="DESKTOP-V3061FL" failures="0" tests="4" name="test.TC001_LoginTest" time="17.393" errors="0" timestamp="2024-03-05T21:32:08 IST" skipped="0">
  <testcase classname="test.TC001_LoginTest" name="loginTest" time="4.263"/>
  <system-out/>
  <testcase classname="test.TC001_LoginTest" name="loginTest" time="4.262"/>
  <system-out/>
  <testcase classname="test.TC001_LoginTest" name="loginTest" time="4.357"/>
  <system-out/>
  <testcase classname="test.TC001_LoginTest" name="loginTest" time="4.511"/>
  <system-out/>
</testsuite> <!-- test.TC001_LoginTest -->
