<?xml version="1.0" encoding="UTF-8"?>
<!-- Generated by org.testng.reporters.JUnitReportReporter -->
<testsuite hostname="DESKTOP-V3061FL" failures="0" tests="1" name="test.TC002_Signup" time="6.697" errors="0" timestamp="2024-03-05T21:32:08 IST" skipped="0">
  <testcase classname="test.TC002_Signup" name="signupTest" time="6.697"/>
  <system-out/>
</testsuite> <!-- test.TC002_Signup -->
